1.8485 	WARNING 	We strongly recommend you activate the PTB sound engine in PsychoPy prefs as the preferred audio engine. Its timing is vastly superior. Your prefs are currently set to use ['sounddevice', 'PTB', 'pyo', 'pygame'] (in that order).
47.0534 	WARNING 	Monitor specification not found. Creating a temporary one...
48.7190 	EXP 	Created unnamed TextStim = TextStim(__class__=<class 'psychopy.visual.text.TextStim'>, alignHoriz=method-wrapper(...), alignText='center', alignVert=method-wrapper(...), anchorHoriz='center', anchorVert='center', antialias=True, autoLog=True, bold=False, color='white', colorSpace='named', contrast=1.0, depth=0, flipHoriz=False, flipVert=False, font='', fontFiles=[], height=0.05, italic=False, languageStyle='LTR', name='unnamed TextStim', opacity=1.0, ori=0.0, pos=array([0., 0.]), rgb=array([255., 255., 255.]), text=str(...), units='norm', win=Window(...), wrapWidth=1)
83.3904 	DATA 	Keypress: space
189.3408 	EXP 	Created unnamed TextStim = TextStim(__class__=<class 'psychopy.visual.text.TextStim'>, alignHoriz=method-wrapper(...), alignText='center', alignVert=method-wrapper(...), anchorHoriz='center', anchorVert='center', antialias=True, autoLog=True, bold=False, color='white', colorSpace='named', contrast=1.0, depth=0, flipHoriz=False, flipVert=False, font='', fontFiles=[], height=0.05, italic=False, languageStyle='LTR', name='unnamed TextStim', opacity=1.0, ori=0.0, pos=array([0., 0.]), rgb=array([255., 255., 255.]), text=str(...), units='norm', win=Window(...), wrapWidth=1)
194.3145 	DATA 	Keypress: space
300.2584 	EXP 	Created unnamed TextStim = TextStim(__class__=<class 'psychopy.visual.text.TextStim'>, alignHoriz=method-wrapper(...), alignText='center', alignVert=method-wrapper(...), anchorHoriz='center', anchorVert='center', antialias=True, autoLog=True, bold=False, color='white', colorSpace='named', contrast=1.0, depth=0, flipHoriz=False, flipVert=False, font='', fontFiles=[], height=0.05, italic=False, languageStyle='LTR', name='unnamed TextStim', opacity=1.0, ori=0.0, pos=array([0., 0.]), rgb=array([255., 255., 255.]), text=str(...), units='norm', win=Window(...), wrapWidth=1)
311.8000 	DATA 	Keypress: space
315.3498 	DATA 	Mouse: Left button down, pos=(722,628)
317.1742 	DATA 	Mouse:  Left button up, pos=(722,628)
326.8795 	DATA 	Mouse: Left button down, pos=(868,123)
328.6951 	DATA 	Mouse:  Left button up, pos=(868,123)
333.6948 	DATA 	Mouse: Left button down, pos=(509,294)
335.5145 	DATA 	Mouse:  Left button up, pos=(509,294)
341.0819 	DATA 	Mouse: Left button down, pos=(1240,609)
342.8951 	DATA 	Mouse:  Left button up, pos=(1240,609)
348.8091 	DATA 	Mouse: Left button down, pos=(695,64)
350.6157 	DATA 	Mouse:  Left button up, pos=(695,64)
356.8641 	DATA 	Mouse: Left button down, pos=(931,89)
358.6762 	DATA 	Mouse:  Left button up, pos=(931,89)
364.1543 	DATA 	Mouse: Left button down, pos=(728,486)
365.9766 	DATA 	Mouse:  Left button up, pos=(728,486)
372.0037 	DATA 	Mouse: Left button down, pos=(1234,88)
373.8175 	DATA 	Mouse:  Left button up, pos=(1234,88)
379.2453 	DATA 	Mouse: Left button down, pos=(877,400)
381.0573 	DATA 	Mouse:  Left button up, pos=(877,400)
386.9965 	DATA 	Mouse: Left button down, pos=(502,441)
388.8179 	DATA 	Mouse:  Left button up, pos=(502,441)
393.5832 	DATA 	Mouse: Left button down, pos=(913,59)
395.3994 	DATA 	Mouse:  Left button up, pos=(913,59)
402.8794 	DATA 	Mouse: Left button down, pos=(902,414)
404.6994 	DATA 	Mouse:  Left button up, pos=(902,414)
410.1333 	DATA 	Mouse: Left button down, pos=(349,250)
411.9391 	DATA 	Mouse:  Left button up, pos=(349,250)
417.4235 	DATA 	Mouse: Left button down, pos=(1073,648)
419.2411 	DATA 	Mouse:  Left button up, pos=(1073,648)
425.9050 	DATA 	Mouse: Left button down, pos=(736,603)
427.7226 	DATA 	Mouse:  Left button up, pos=(736,603)
427.9634 	EXP 	Created unnamed TextStim = TextStim(__class__=<class 'psychopy.visual.text.TextStim'>, alignHoriz=method-wrapper(...), alignText='center', alignVert=method-wrapper(...), anchorHoriz='center', anchorVert='center', antialias=True, autoLog=True, bold=False, color='white', colorSpace='named', contrast=1.0, depth=0, flipHoriz=False, flipVert=False, font='', fontFiles=[], height=0.05, italic=False, languageStyle='LTR', name='unnamed TextStim', opacity=1.0, ori=0.0, pos=array([0., 0.]), rgb=array([255., 255., 255.]), text=str(...), units='norm', win=Window(...), wrapWidth=1)
434.8336 	DATA 	Keypress: space
437.2919 	DATA 	Mouse: Left button down, pos=(548,248)
439.1015 	DATA 	Mouse:  Left button up, pos=(548,248)
448.1674 	DATA 	Mouse: Left button down, pos=(547,436)
449.9837 	DATA 	Mouse:  Left button up, pos=(547,436)
455.0940 	DATA 	Mouse: Left button down, pos=(1020,244)
456.9033 	DATA 	Mouse:  Left button up, pos=(1020,244)
463.2599 	DATA 	Mouse: Left button down, pos=(392,395)
465.0847 	DATA 	Mouse:  Left button up, pos=(392,395)
469.7616 	DATA 	Mouse: Left button down, pos=(1275,53)
471.5859 	DATA 	Mouse:  Left button up, pos=(1275,53)
477.2469 	DATA 	Mouse: Left button down, pos=(1050,624)
479.0659 	DATA 	Mouse:  Left button up, pos=(1050,624)
483.6386 	DATA 	Mouse: Left button down, pos=(342,38)
485.4460 	DATA 	Mouse:  Left button up, pos=(342,38)
492.0967 	DATA 	Mouse: Left button down, pos=(840,302)
493.9073 	DATA 	Mouse:  Left button up, pos=(840,302)
499.6923 	DATA 	Mouse: Left button down, pos=(704,586)
501.5069 	DATA 	Mouse:  Left button up, pos=(704,586)
509.2545 	DATA 	Mouse: Left button down, pos=(1011,304)
511.0683 	DATA 	Mouse:  Left button up, pos=(1011,304)
515.8292 	DATA 	Mouse: Left button down, pos=(1228,593)
517.6473 	DATA 	Mouse:  Left button up, pos=(1228,593)
522.4032 	DATA 	Mouse: Left button down, pos=(709,38)
524.2284 	DATA 	Mouse:  Left button up, pos=(709,38)
528.7470 	DATA 	Mouse: Left button down, pos=(731,446)
530.5678 	DATA 	Mouse:  Left button up, pos=(731,446)
535.5265 	DATA 	Mouse: Left button down, pos=(873,101)
537.3483 	DATA 	Mouse:  Left button up, pos=(873,101)
542.5136 	DATA 	Mouse: Left button down, pos=(889,418)
544.3297 	DATA 	Mouse:  Left button up, pos=(889,418)
544.5702 	EXP 	Created unnamed TextStim = TextStim(__class__=<class 'psychopy.visual.text.TextStim'>, alignHoriz=method-wrapper(...), alignText='center', alignVert=method-wrapper(...), anchorHoriz='center', anchorVert='center', antialias=True, autoLog=True, bold=False, color='white', colorSpace='named', contrast=1.0, depth=0, flipHoriz=False, flipVert=False, font='', fontFiles=[], height=0.05, italic=False, languageStyle='LTR', name='unnamed TextStim', opacity=1.0, ori=0.0, pos=array([0., 0.]), rgb=array([255., 255., 255.]), text=str(...), units='norm', win=Window(...), wrapWidth=1)
550.2942 	DATA 	Keypress: space
550.3197 	EXP 	window1: mouseVisible = True
550.3236 	DEBUG 	Saving data for thisOutputFile ExperimentHandler
550.3257 	INFO 	saved data to OLT_BME306_5.00_1_20260512.psydat
550.3591 	INFO 	saved data to 'OLT_BME306_5.00_1_20260512.csv'
