3.0832 	WARNING 	We strongly recommend you activate the PTB sound engine in PsychoPy prefs as the preferred audio engine. Its timing is vastly superior. Your prefs are currently set to use ['sounddevice', 'PTB', 'pyo', 'pygame'] (in that order).
93.5730 	WARNING 	Monitor specification not found. Creating a temporary one...
96.0149 	EXP 	Created unnamed TextStim = TextStim(__class__=<class 'psychopy.visual.text.TextStim'>, alignHoriz=method-wrapper(...), alignText='center', alignVert=method-wrapper(...), anchorHoriz='center', anchorVert='center', antialias=True, autoLog=True, bold=False, color='white', colorSpace='named', contrast=1.0, depth=0, flipHoriz=False, flipVert=False, font='', fontFiles=[], height=0.05, italic=False, languageStyle='LTR', name='unnamed TextStim', opacity=1.0, ori=0.0, pos=array([0., 0.]), rgb=array([255., 255., 255.]), text=str(...), units='norm', win=Window(...), wrapWidth=1)
134.6145 	DATA 	Keypress: space
240.5483 	EXP 	Created unnamed TextStim = TextStim(__class__=<class 'psychopy.visual.text.TextStim'>, alignHoriz=method-wrapper(...), alignText='center', alignVert=method-wrapper(...), anchorHoriz='center', anchorVert='center', antialias=True, autoLog=True, bold=False, color='white', colorSpace='named', contrast=1.0, depth=0, flipHoriz=False, flipVert=False, font='', fontFiles=[], height=0.05, italic=False, languageStyle='LTR', name='unnamed TextStim', opacity=1.0, ori=0.0, pos=array([0., 0.]), rgb=array([255., 255., 255.]), text=str(...), units='norm', win=Window(...), wrapWidth=1)
245.2794 	DATA 	Keypress: space
351.2274 	EXP 	Created unnamed TextStim = TextStim(__class__=<class 'psychopy.visual.text.TextStim'>, alignHoriz=method-wrapper(...), alignText='center', alignVert=method-wrapper(...), anchorHoriz='center', anchorVert='center', antialias=True, autoLog=True, bold=False, color='white', colorSpace='named', contrast=1.0, depth=0, flipHoriz=False, flipVert=False, font='', fontFiles=[], height=0.05, italic=False, languageStyle='LTR', name='unnamed TextStim', opacity=1.0, ori=0.0, pos=array([0., 0.]), rgb=array([255., 255., 255.]), text=str(...), units='norm', win=Window(...), wrapWidth=1)
360.2441 	DATA 	Keypress: space
362.9943 	DATA 	Mouse: Left button down, pos=(1190,588)
364.8040 	DATA 	Mouse:  Left button up, pos=(1190,588)
369.8921 	DATA 	Mouse: Left button down, pos=(581,666)
371.7032 	DATA 	Mouse:  Left button up, pos=(581,666)
374.7253 	DATA 	Mouse: Left button down, pos=(582,670)
374.7258 	DATA 	Mouse:  Left button up, pos=(582,670)
378.5947 	DATA 	Mouse: Left button down, pos=(542,478)
380.4035 	DATA 	Mouse:  Left button up, pos=(542,478)
387.5868 	DATA 	Mouse: Left button down, pos=(1237,447)
389.4065 	DATA 	Mouse:  Left button up, pos=(1237,447)
396.0826 	DATA 	Mouse: Left button down, pos=(729,622)
397.9069 	DATA 	Mouse:  Left button up, pos=(729,622)
402.9213 	DATA 	Mouse: Left button down, pos=(1091,135)
404.7475 	DATA 	Mouse:  Left button up, pos=(1091,135)
410.5450 	DATA 	Mouse: Left button down, pos=(582,386)
412.3678 	DATA 	Mouse:  Left button up, pos=(582,386)
420.6899 	DATA 	Mouse: Left button down, pos=(1108,440)
422.5078 	DATA 	Mouse:  Left button up, pos=(1108,440)
428.0237 	DATA 	Mouse: Left button down, pos=(1236,326)
429.8484 	DATA 	Mouse:  Left button up, pos=(1236,326)
434.8996 	DATA 	Mouse: Left button down, pos=(887,439)
436.7084 	DATA 	Mouse:  Left button up, pos=(887,439)
442.9117 	DATA 	Mouse: Left button down, pos=(434,324)
444.7305 	DATA 	Mouse:  Left button up, pos=(434,324)
449.3874 	DATA 	Mouse: Left button down, pos=(1206,858)
451.2099 	DATA 	Mouse:  Left button up, pos=(1206,858)
456.2864 	DATA 	Mouse: Left button down, pos=(921,240)
458.1107 	DATA 	Mouse:  Left button up, pos=(921,240)
463.6092 	DATA 	Mouse: Left button down, pos=(1083,469)
465.4319 	DATA 	Mouse:  Left button up, pos=(1083,469)
469.9645 	DATA 	Mouse: Left button down, pos=(1236,475)
471.7711 	DATA 	Mouse:  Left button up, pos=(1236,475)
472.0127 	EXP 	Created unnamed TextStim = TextStim(__class__=<class 'psychopy.visual.text.TextStim'>, alignHoriz=method-wrapper(...), alignText='center', alignVert=method-wrapper(...), anchorHoriz='center', anchorVert='center', antialias=True, autoLog=True, bold=False, color='white', colorSpace='named', contrast=1.0, depth=0, flipHoriz=False, flipVert=False, font='', fontFiles=[], height=0.05, italic=False, languageStyle='LTR', name='unnamed TextStim', opacity=1.0, ori=0.0, pos=array([0., 0.]), rgb=array([255., 255., 255.]), text=str(...), units='norm', win=Window(...), wrapWidth=1)
485.0593 	DATA 	Keypress: space
492.4410 	DATA 	Mouse: Left button down, pos=(1071,435)
494.2523 	DATA 	Mouse:  Left button up, pos=(1071,435)
499.0624 	DATA 	Mouse: Left button down, pos=(744,581)
500.8708 	DATA 	Mouse:  Left button up, pos=(744,581)
500.8716 	DATA 	Mouse: Left button down, pos=(922,421)
500.8721 	DATA 	Mouse:  Left button up, pos=(922,421)
505.5489 	DATA 	Mouse: Left button down, pos=(1236,367)
507.3730 	DATA 	Mouse:  Left button up, pos=(1236,367)
513.6352 	DATA 	Mouse: Left button down, pos=(1079,458)
515.4533 	DATA 	Mouse:  Left button up, pos=(1079,458)
519.8336 	DATA 	Mouse: Left button down, pos=(878,620)
521.6532 	DATA 	Mouse:  Left button up, pos=(878,620)
527.4816 	DATA 	Mouse: Left button down, pos=(606,159)
529.2928 	DATA 	Mouse:  Left button up, pos=(606,159)
529.2937 	DATA 	Mouse: Left button down, pos=(670,146)
529.2942 	DATA 	Mouse:  Left button up, pos=(670,146)
534.9133 	DATA 	Mouse: Left button down, pos=(860,227)
536.7350 	DATA 	Mouse:  Left button up, pos=(860,227)
543.6657 	DATA 	Mouse: Left button down, pos=(612,179)
545.4747 	DATA 	Mouse:  Left button up, pos=(612,179)
549.9482 	DATA 	Mouse: Left button down, pos=(932,266)
551.7565 	DATA 	Mouse:  Left button up, pos=(932,266)
551.7576 	DATA 	Mouse: Left button down, pos=(932,266)
551.7581 	DATA 	Mouse:  Left button up, pos=(932,266)
557.7073 	DATA 	Mouse: Left button down, pos=(712,447)
559.5153 	DATA 	Mouse:  Left button up, pos=(712,447)
564.0760 	DATA 	Mouse: Left button down, pos=(907,355)
565.8968 	DATA 	Mouse:  Left button up, pos=(907,355)
565.8980 	DATA 	Mouse: Left button down, pos=(1115,322)
565.8984 	DATA 	Mouse:  Left button up, pos=(1115,322)
571.9077 	DATA 	Mouse: Left button down, pos=(1125,600)
573.7170 	DATA 	Mouse:  Left button up, pos=(1125,600)
578.8074 	DATA 	Mouse: Left button down, pos=(846,638)
580.6158 	DATA 	Mouse:  Left button up, pos=(846,638)
580.6167 	DATA 	Mouse: Left button down, pos=(440,296)
580.6174 	DATA 	Mouse:  Left button up, pos=(440,296)
586.0589 	DATA 	Mouse: Left button down, pos=(902,117)
587.8773 	DATA 	Mouse:  Left button up, pos=(902,117)
593.4317 	DATA 	Mouse: Left button down, pos=(1219,614)
595.2573 	DATA 	Mouse:  Left button up, pos=(1219,614)
595.4939 	EXP 	Created unnamed TextStim = TextStim(__class__=<class 'psychopy.visual.text.TextStim'>, alignHoriz=method-wrapper(...), alignText='center', alignVert=method-wrapper(...), anchorHoriz='center', anchorVert='center', antialias=True, autoLog=True, bold=False, color='white', colorSpace='named', contrast=1.0, depth=0, flipHoriz=False, flipVert=False, font='', fontFiles=[], height=0.05, italic=False, languageStyle='LTR', name='unnamed TextStim', opacity=1.0, ori=0.0, pos=array([0., 0.]), rgb=array([255., 255., 255.]), text=str(...), units='norm', win=Window(...), wrapWidth=1)
599.3737 	DATA 	Keypress: space
604.8590 	DATA 	Mouse: Left button down, pos=(559,634)
606.6775 	DATA 	Mouse:  Left button up, pos=(559,634)
611.5173 	DATA 	Mouse: Left button down, pos=(724,503)
613.3377 	DATA 	Mouse:  Left button up, pos=(724,503)
617.9576 	DATA 	Mouse: Left button down, pos=(727,603)
619.7785 	DATA 	Mouse:  Left button up, pos=(727,603)
624.3015 	DATA 	Mouse: Left button down, pos=(787,599)
626.1190 	DATA 	Mouse:  Left button up, pos=(787,599)
631.2629 	DATA 	Mouse: Left button down, pos=(525,57)
633.0794 	DATA 	Mouse:  Left button up, pos=(525,57)
633.0802 	DATA 	Mouse: Left button down, pos=(343,58)
633.0807 	DATA 	Mouse:  Left button up, pos=(343,58)
640.5616 	DATA 	Mouse: Left button down, pos=(902,93)
642.3794 	DATA 	Mouse:  Left button up, pos=(902,93)
647.6912 	DATA 	Mouse: Left button down, pos=(1071,790)
649.4999 	DATA 	Mouse:  Left button up, pos=(1071,790)
649.5007 	DATA 	Mouse: Left button down, pos=(1030,353)
649.5012 	DATA 	Mouse:  Left button up, pos=(1030,353)
655.6459 	DATA 	Mouse: Left button down, pos=(888,418)
657.4605 	DATA 	Mouse:  Left button up, pos=(888,418)
657.4614 	DATA 	Mouse: Left button down, pos=(673,56)
657.4620 	DATA 	Mouse:  Left button up, pos=(673,56)
663.0431 	DATA 	Mouse: Left button down, pos=(548,283)
664.8600 	DATA 	Mouse:  Left button up, pos=(548,283)
667.8808 	DATA 	Keypress: lctrl
667.8810 	DATA 	Keypress: lwindows
670.2462 	DATA 	Mouse: Left button down, pos=(1255,279)
672.0613 	DATA 	Mouse:  Left button up, pos=(1255,279)
677.4014 	DATA 	Mouse: Left button down, pos=(1035,101)
679.2219 	DATA 	Mouse:  Left button up, pos=(1035,101)
683.9749 	DATA 	Mouse: Left button down, pos=(1276,618)
685.7824 	DATA 	Mouse:  Left button up, pos=(1276,618)
691.9296 	DATA 	Mouse: Left button down, pos=(719,245)
693.7420 	DATA 	Mouse:  Left button up, pos=(719,245)
693.7429 	DATA 	Mouse: Left button down, pos=(921,248)
693.7433 	DATA 	Mouse:  Left button up, pos=(921,248)
698.7834 	DATA 	Mouse: Left button down, pos=(1113,576)
700.6016 	DATA 	Mouse:  Left button up, pos=(1113,576)
707.1632 	DATA 	Mouse: Left button down, pos=(906,424)
708.9832 	DATA 	Mouse:  Left button up, pos=(906,424)
709.2198 	EXP 	Created unnamed TextStim = TextStim(__class__=<class 'psychopy.visual.text.TextStim'>, alignHoriz=method-wrapper(...), alignText='center', alignVert=method-wrapper(...), anchorHoriz='center', anchorVert='center', antialias=True, autoLog=True, bold=False, color='white', colorSpace='named', contrast=1.0, depth=0, flipHoriz=False, flipVert=False, font='', fontFiles=[], height=0.05, italic=False, languageStyle='LTR', name='unnamed TextStim', opacity=1.0, ori=0.0, pos=array([0., 0.]), rgb=array([255., 255., 255.]), text=str(...), units='norm', win=Window(...), wrapWidth=1)
713.8281 	DATA 	Keypress: space
717.1049 	DATA 	Mouse: Left button down, pos=(1051,569)
718.9242 	DATA 	Mouse:  Left button up, pos=(1051,569)
724.5614 	DATA 	Mouse: Left button down, pos=(901,130)
726.3854 	DATA 	Mouse:  Left button up, pos=(901,130)
731.6436 	DATA 	Mouse: Left button down, pos=(683,789)
733.4660 	DATA 	Mouse:  Left button up, pos=(683,789)
737.4205 	DATA 	Keypress: lctrl
737.4208 	DATA 	Keypress: lwindows
739.7934 	DATA 	Keypress: lctrl
739.7936 	DATA 	Keypress: lwindows
742.7827 	DATA 	Mouse: Left button down, pos=(1247,636)
744.6051 	DATA 	Mouse:  Left button up, pos=(1247,636)
751.1721 	DATA 	Mouse: Left button down, pos=(1246,455)
752.9861 	DATA 	Mouse:  Left button up, pos=(1246,455)
757.4927 	DATA 	Mouse: Left button down, pos=(921,408)
759.3074 	DATA 	Mouse:  Left button up, pos=(921,406)
767.2387 	DATA 	Mouse: Left button down, pos=(757,276)
769.0479 	DATA 	Mouse:  Left button up, pos=(757,276)
774.8897 	DATA 	Mouse: Left button down, pos=(925,121)
776.7082 	DATA 	Mouse:  Left button up, pos=(925,121)
782.4920 	DATA 	Mouse: Left button down, pos=(867,431)
784.3092 	DATA 	Mouse:  Left button up, pos=(867,431)
789.7811 	DATA 	Mouse: Left button down, pos=(722,496)
791.5880 	DATA 	Mouse:  Left button up, pos=(722,496)
796.6721 	DATA 	Mouse: Left button down, pos=(590,300)
798.4905 	DATA 	Mouse:  Left button up, pos=(590,300)
803.0906 	DATA 	Mouse: Left button down, pos=(708,626)
804.9113 	DATA 	Mouse:  Left button up, pos=(708,626)
809.8968 	DATA 	Mouse: Left button down, pos=(871,516)
811.7120 	DATA 	Mouse:  Left button up, pos=(871,516)
817.3336 	DATA 	Mouse: Left button down, pos=(1037,439)
819.1519 	DATA 	Mouse:  Left button up, pos=(1037,439)
825.4718 	DATA 	Mouse: Left button down, pos=(824,283)
827.2936 	DATA 	Mouse:  Left button up, pos=(824,283)
827.5329 	EXP 	Created unnamed TextStim = TextStim(__class__=<class 'psychopy.visual.text.TextStim'>, alignHoriz=method-wrapper(...), alignText='center', alignVert=method-wrapper(...), anchorHoriz='center', anchorVert='center', antialias=True, autoLog=True, bold=False, color='white', colorSpace='named', contrast=1.0, depth=0, flipHoriz=False, flipVert=False, font='', fontFiles=[], height=0.05, italic=False, languageStyle='LTR', name='unnamed TextStim', opacity=1.0, ori=0.0, pos=array([0., 0.]), rgb=array([255., 255., 255.]), text=str(...), units='norm', win=Window(...), wrapWidth=1)
829.6539 	DATA 	Keypress: space
832.1203 	DATA 	Mouse: Left button down, pos=(838,283)
833.9348 	DATA 	Mouse:  Left button up, pos=(838,283)
840.8649 	DATA 	Mouse: Left button down, pos=(1238,299)
842.6754 	DATA 	Mouse:  Left button up, pos=(1238,299)
848.3123 	DATA 	Mouse: Left button down, pos=(398,130)
850.1353 	DATA 	Mouse:  Left button up, pos=(398,130)
855.4944 	DATA 	Mouse: Left button down, pos=(1062,635)
857.3174 	DATA 	Mouse:  Left button up, pos=(1062,635)
862.5398 	DATA 	Mouse: Left button down, pos=(423,785)
864.3581 	DATA 	Mouse:  Left button up, pos=(423,785)
869.9614 	DATA 	Mouse: Left button down, pos=(775,504)
871.7791 	DATA 	Mouse:  Left button up, pos=(775,504)
878.0237 	DATA 	Mouse: Left button down, pos=(871,496)
879.8390 	DATA 	Mouse:  Left button up, pos=(871,496)
885.4683 	DATA 	Mouse: Left button down, pos=(1065,111)
887.2793 	DATA 	Mouse:  Left button up, pos=(1065,111)
892.9020 	DATA 	Mouse: Left button down, pos=(1264,627)
894.7204 	DATA 	Mouse:  Left button up, pos=(1264,627)
901.1834 	DATA 	Mouse: Left button down, pos=(740,290)
903.0003 	DATA 	Mouse:  Left button up, pos=(740,290)
907.8182 	DATA 	Mouse: Left button down, pos=(553,299)
909.6417 	DATA 	Mouse:  Left button up, pos=(553,299)
915.8075 	DATA 	Mouse: Left button down, pos=(931,125)
917.6224 	DATA 	Mouse:  Left button up, pos=(931,125)
923.3621 	DATA 	Mouse: Left button down, pos=(1059,431)
925.1832 	DATA 	Mouse:  Left button up, pos=(1059,431)
930.1420 	DATA 	Mouse: Left button down, pos=(736,641)
931.9623 	DATA 	Mouse:  Left button up, pos=(736,641)
938.5196 	DATA 	Mouse: Left button down, pos=(573,220)
940.3437 	DATA 	Mouse:  Left button up, pos=(573,220)
940.5847 	EXP 	Created unnamed TextStim = TextStim(__class__=<class 'psychopy.visual.text.TextStim'>, alignHoriz=method-wrapper(...), alignText='center', alignVert=method-wrapper(...), anchorHoriz='center', anchorVert='center', antialias=True, autoLog=True, bold=False, color='white', colorSpace='named', contrast=1.0, depth=0, flipHoriz=False, flipVert=False, font='', fontFiles=[], height=0.05, italic=False, languageStyle='LTR', name='unnamed TextStim', opacity=1.0, ori=0.0, pos=array([0., 0.]), rgb=array([255., 255., 255.]), text=str(...), units='norm', win=Window(...), wrapWidth=1)
946.0523 	DATA 	Keypress: space
946.0785 	EXP 	window1: mouseVisible = True
946.0858 	DEBUG 	Saving data for thisOutputFile ExperimentHandler
946.1704 	INFO 	saved data to OLT_5GCA_3.00_1_20260508.psydat
946.2685 	INFO 	saved data to 'OLT_5GCA_3.00_1_20260508.csv'
