1.8558 	WARNING 	We strongly recommend you activate the PTB sound engine in PsychoPy prefs as the preferred audio engine. Its timing is vastly superior. Your prefs are currently set to use ['sounddevice', 'PTB', 'pyo', 'pygame'] (in that order).
61.3287 	WARNING 	Monitor specification not found. Creating a temporary one...
63.1001 	EXP 	Created unnamed TextStim = TextStim(__class__=<class 'psychopy.visual.text.TextStim'>, alignHoriz=method-wrapper(...), alignText='center', alignVert=method-wrapper(...), anchorHoriz='center', anchorVert='center', antialias=True, autoLog=True, bold=False, color='white', colorSpace='named', contrast=1.0, depth=0, flipHoriz=False, flipVert=False, font='', fontFiles=[], height=0.05, italic=False, languageStyle='LTR', name='unnamed TextStim', opacity=1.0, ori=0.0, pos=array([0., 0.]), rgb=array([255., 255., 255.]), text=str(...), units='norm', win=Window(...), wrapWidth=1)
101.2729 	DATA 	Keypress: space
207.2128 	EXP 	Created unnamed TextStim = TextStim(__class__=<class 'psychopy.visual.text.TextStim'>, alignHoriz=method-wrapper(...), alignText='center', alignVert=method-wrapper(...), anchorHoriz='center', anchorVert='center', antialias=True, autoLog=True, bold=False, color='white', colorSpace='named', contrast=1.0, depth=0, flipHoriz=False, flipVert=False, font='', fontFiles=[], height=0.05, italic=False, languageStyle='LTR', name='unnamed TextStim', opacity=1.0, ori=0.0, pos=array([0., 0.]), rgb=array([255., 255., 255.]), text=str(...), units='norm', win=Window(...), wrapWidth=1)
212.2315 	DATA 	Keypress: space
318.1890 	EXP 	Created unnamed TextStim = TextStim(__class__=<class 'psychopy.visual.text.TextStim'>, alignHoriz=method-wrapper(...), alignText='center', alignVert=method-wrapper(...), anchorHoriz='center', anchorVert='center', antialias=True, autoLog=True, bold=False, color='white', colorSpace='named', contrast=1.0, depth=0, flipHoriz=False, flipVert=False, font='', fontFiles=[], height=0.05, italic=False, languageStyle='LTR', name='unnamed TextStim', opacity=1.0, ori=0.0, pos=array([0., 0.]), rgb=array([255., 255., 255.]), text=str(...), units='norm', win=Window(...), wrapWidth=1)
327.6429 	DATA 	Keypress: space
332.8716 	DATA 	Mouse: Left button down, pos=(527,271)
334.6827 	DATA 	Mouse:  Left button up, pos=(527,271)
340.4823 	DATA 	Mouse: Left button down, pos=(1272,614)
342.3032 	DATA 	Mouse:  Left button up, pos=(1272,614)
348.7947 	DATA 	Mouse: Left button down, pos=(1072,416)
350.6043 	DATA 	Mouse:  Left button up, pos=(1072,416)
350.6048 	DATA 	Mouse: Left button down, pos=(1072,416)
350.6051 	DATA 	Mouse:  Left button up, pos=(1072,416)
367.7658 	DATA 	Mouse: Left button down, pos=(1088,459)
369.5849 	DATA 	Mouse:  Left button up, pos=(1088,459)
378.5563 	DATA 	Mouse: Left button down, pos=(356,128)
380.3667 	DATA 	Mouse:  Left button up, pos=(356,128)
388.1019 	DATA 	Mouse: Left button down, pos=(1247,103)
389.9258 	DATA 	Mouse:  Left button up, pos=(1247,103)
398.9790 	DATA 	Mouse: Left button down, pos=(905,81)
400.7875 	DATA 	Mouse:  Left button up, pos=(905,81)
406.4929 	DATA 	Mouse: Left button down, pos=(728,430)
408.3091 	DATA 	Mouse:  Left button up, pos=(728,430)
413.1100 	DATA 	Mouse: Left button down, pos=(860,481)
414.9293 	DATA 	Mouse:  Left button up, pos=(860,481)
421.5194 	DATA 	Mouse: Left button down, pos=(672,59)
423.3282 	DATA 	Mouse:  Left button up, pos=(672,59)
437.9630 	DATA 	Mouse: Left button down, pos=(1117,86)
439.7889 	DATA 	Mouse:  Left button up, pos=(1117,86)
451.8161 	DATA 	Mouse: Left button down, pos=(1059,135)
453.6284 	DATA 	Mouse:  Left button up, pos=(1059,135)
453.6290 	DATA 	Mouse: Left button down, pos=(1059,135)
453.6293 	DATA 	Mouse:  Left button up, pos=(1059,135)
458.5806 	DATA 	Mouse: Left button down, pos=(720,624)
460.3910 	DATA 	Mouse:  Left button up, pos=(720,624)
466.1310 	DATA 	Keypress: lwindows
466.1327 	DATA 	Keypress: z
468.2838 	DATA 	Mouse: Left button down, pos=(373,808)
470.0902 	DATA 	Mouse:  Left button up, pos=(373,808)
473.1111 	DATA 	Mouse: Left button down, pos=(373,808)
473.1117 	DATA 	Mouse:  Left button up, pos=(451,827)
483.9156 	DATA 	Mouse: Left button down, pos=(1078,252)
485.7309 	DATA 	Mouse:  Left button up, pos=(1078,252)
485.9745 	EXP 	Created unnamed TextStim = TextStim(__class__=<class 'psychopy.visual.text.TextStim'>, alignHoriz=method-wrapper(...), alignText='center', alignVert=method-wrapper(...), anchorHoriz='center', anchorVert='center', antialias=True, autoLog=True, bold=False, color='white', colorSpace='named', contrast=1.0, depth=0, flipHoriz=False, flipVert=False, font='', fontFiles=[], height=0.05, italic=False, languageStyle='LTR', name='unnamed TextStim', opacity=1.0, ori=0.0, pos=array([0., 0.]), rgb=array([255., 255., 255.]), text=str(...), units='norm', win=Window(...), wrapWidth=1)
496.7027 	DATA 	Keypress: space
496.7271 	EXP 	window1: mouseVisible = True
496.7296 	DEBUG 	Saving data for thisOutputFile ExperimentHandler
496.7313 	INFO 	saved data to OLT_BME306_9.00_1_20260513.psydat
496.7462 	INFO 	saved data to 'OLT_BME306_9.00_1_20260513.csv'
