18.6781 	WARNING 	We strongly recommend you activate the PTB sound engine in PsychoPy prefs as the preferred audio engine. Its timing is vastly superior. Your prefs are currently set to use ['sounddevice', 'PTB', 'pyo', 'pygame'] (in that order).
55.5791 	WARNING 	Monitor specification not found. Creating a temporary one...
58.3620 	EXP 	Created unnamed TextStim = TextStim(__class__=<class 'psychopy.visual.text.TextStim'>, alignHoriz=method-wrapper(...), alignText='center', alignVert=method-wrapper(...), anchorHoriz='center', anchorVert='center', antialias=True, autoLog=True, bold=False, color='white', colorSpace='named', contrast=1.0, depth=0, flipHoriz=False, flipVert=False, font='', fontFiles=[], height=0.05, italic=False, languageStyle='LTR', name='unnamed TextStim', opacity=1.0, ori=0.0, pos=array([0., 0.]), rgb=array([255., 255., 255.]), text=str(...), units='norm', win=Window(...), wrapWidth=1)
106.5610 	DATA 	Keypress: space
212.5377 	EXP 	Created unnamed TextStim = TextStim(__class__=<class 'psychopy.visual.text.TextStim'>, alignHoriz=method-wrapper(...), alignText='center', alignVert=method-wrapper(...), anchorHoriz='center', anchorVert='center', antialias=True, autoLog=True, bold=False, color='white', colorSpace='named', contrast=1.0, depth=0, flipHoriz=False, flipVert=False, font='', fontFiles=[], height=0.05, italic=False, languageStyle='LTR', name='unnamed TextStim', opacity=1.0, ori=0.0, pos=array([0., 0.]), rgb=array([255., 255., 255.]), text=str(...), units='norm', win=Window(...), wrapWidth=1)
219.6889 	DATA 	Keypress: space
325.6352 	EXP 	Created unnamed TextStim = TextStim(__class__=<class 'psychopy.visual.text.TextStim'>, alignHoriz=method-wrapper(...), alignText='center', alignVert=method-wrapper(...), anchorHoriz='center', anchorVert='center', antialias=True, autoLog=True, bold=False, color='white', colorSpace='named', contrast=1.0, depth=0, flipHoriz=False, flipVert=False, font='', fontFiles=[], height=0.05, italic=False, languageStyle='LTR', name='unnamed TextStim', opacity=1.0, ori=0.0, pos=array([0., 0.]), rgb=array([255., 255., 255.]), text=str(...), units='norm', win=Window(...), wrapWidth=1)
334.2810 	DATA 	Keypress: space
343.8922 	DATA 	Mouse: Left button down, pos=(916,294)
345.7504 	DATA 	Mouse:  Left button up, pos=(916,294)
350.9502 	DATA 	Mouse: Left button down, pos=(1171,144)
352.7708 	DATA 	Mouse:  Left button up, pos=(1171,144)
359.0301 	DATA 	Mouse: Left button down, pos=(408,108)
360.8516 	DATA 	Mouse:  Left button up, pos=(408,108)
367.5461 	DATA 	Mouse: Left button down, pos=(536,648)
369.3520 	DATA 	Mouse:  Left button up, pos=(536,648)
375.2486 	DATA 	Mouse: Left button down, pos=(1163,632)
377.0722 	DATA 	Mouse:  Left button up, pos=(1163,632)
387.6650 	DATA 	Mouse: Left button down, pos=(1040,113)
389.4724 	DATA 	Mouse:  Left button up, pos=(1040,113)
394.2730 	DATA 	Mouse: Left button down, pos=(736,605)
396.0932 	DATA 	Mouse:  Left button up, pos=(736,605)
401.6353 	DATA 	Mouse: Left button down, pos=(879,493)
403.4539 	DATA 	Mouse:  Left button up, pos=(879,493)
407.8910 	DATA 	Mouse: Left button down, pos=(766,474)
409.7144 	DATA 	Mouse:  Left button up, pos=(766,474)
415.2888 	DATA 	Mouse: Left button down, pos=(580,439)
417.0951 	DATA 	Mouse:  Left button up, pos=(580,439)
423.3314 	DATA 	Mouse: Left button down, pos=(1206,436)
425.1560 	DATA 	Mouse:  Left button up, pos=(1206,436)
433.7548 	DATA 	Mouse: Left button down, pos=(807,410)
435.5762 	DATA 	Mouse:  Left button up, pos=(807,410)
443.4372 	DATA 	Mouse: Left button down, pos=(790,130)
445.2553 	DATA 	Mouse:  Left button up, pos=(790,130)
452.5241 	DATA 	Mouse: Left button down, pos=(830,135)
454.3361 	DATA 	Mouse:  Left button up, pos=(830,135)
461.5758 	DATA 	Mouse: Left button down, pos=(516,150)
463.3961 	DATA 	Mouse:  Left button up, pos=(516,150)
463.6382 	EXP 	Created unnamed TextStim = TextStim(__class__=<class 'psychopy.visual.text.TextStim'>, alignHoriz=method-wrapper(...), alignText='center', alignVert=method-wrapper(...), anchorHoriz='center', anchorVert='center', antialias=True, autoLog=True, bold=False, color='white', colorSpace='named', contrast=1.0, depth=0, flipHoriz=False, flipVert=False, font='', fontFiles=[], height=0.05, italic=False, languageStyle='LTR', name='unnamed TextStim', opacity=1.0, ori=0.0, pos=array([0., 0.]), rgb=array([255., 255., 255.]), text=str(...), units='norm', win=Window(...), wrapWidth=1)
471.9992 	DATA 	Mouse: Left button down, pos=(860,320)
472.1208 	DATA 	Mouse:  Left button up, pos=(860,320)
473.2991 	DATA 	Mouse: Left button down, pos=(860,320)
473.4210 	DATA 	Mouse:  Left button up, pos=(860,320)
473.5509 	DATA 	Keypress: space
476.2268 	DATA 	Mouse: Left button down, pos=(1168,159)
478.0366 	DATA 	Mouse:  Left button up, pos=(1168,159)
482.8226 	DATA 	Mouse: Left button down, pos=(911,115)
484.6373 	DATA 	Mouse:  Left button up, pos=(911,115)
489.5170 	DATA 	Mouse: Left button down, pos=(872,388)
491.3381 	DATA 	Mouse:  Left button up, pos=(872,388)
497.2441 	DATA 	Mouse: Left button down, pos=(1035,575)
499.0592 	DATA 	Mouse:  Left button up, pos=(1035,575)
504.4480 	DATA 	Mouse: Left button down, pos=(367,92)
506.2589 	DATA 	Mouse:  Left button up, pos=(367,92)
512.4424 	DATA 	Mouse: Left button down, pos=(1017,268)
514.2595 	DATA 	Mouse:  Left button up, pos=(1017,268)
520.5817 	DATA 	Mouse: Left button down, pos=(613,128)
522.3991 	DATA 	Mouse:  Left button up, pos=(613,128)
528.0896 	DATA 	Mouse: Left button down, pos=(734,446)
529.9001 	DATA 	Mouse:  Left button up, pos=(734,446)
536.0218 	DATA 	Mouse: Left button down, pos=(1251,660)
537.8420 	DATA 	Mouse:  Left button up, pos=(1251,660)
545.1583 	DATA 	Mouse: Left button down, pos=(542,604)
546.9815 	DATA 	Mouse:  Left button up, pos=(542,604)
551.6951 	DATA 	Keypress: lwindows
551.6971 	DATA 	Keypress: z
553.7341 	DATA 	Mouse: Left button down, pos=(861,293)
555.5435 	DATA 	Mouse:  Left button up, pos=(861,293)
561.3882 	DATA 	Mouse: Left button down, pos=(566,257)
563.2022 	DATA 	Mouse:  Left button up, pos=(566,257)
570.3285 	DATA 	Mouse: Left button down, pos=(1089,432)
572.1433 	DATA 	Mouse:  Left button up, pos=(1089,432)
578.1286 	DATA 	Mouse: Left button down, pos=(736,641)
579.9426 	DATA 	Mouse:  Left button up, pos=(736,641)
585.5390 	DATA 	Mouse: Left button down, pos=(412,645)
587.3646 	DATA 	Mouse:  Left button up, pos=(412,645)
587.6017 	EXP 	Created unnamed TextStim = TextStim(__class__=<class 'psychopy.visual.text.TextStim'>, alignHoriz=method-wrapper(...), alignText='center', alignVert=method-wrapper(...), anchorHoriz='center', anchorVert='center', antialias=True, autoLog=True, bold=False, color='white', colorSpace='named', contrast=1.0, depth=0, flipHoriz=False, flipVert=False, font='', fontFiles=[], height=0.05, italic=False, languageStyle='LTR', name='unnamed TextStim', opacity=1.0, ori=0.0, pos=array([0., 0.]), rgb=array([255., 255., 255.]), text=str(...), units='norm', win=Window(...), wrapWidth=1)
592.7923 	DATA 	Keypress: space
592.8191 	EXP 	window1: mouseVisible = True
592.8246 	DEBUG 	Saving data for thisOutputFile ExperimentHandler
593.1759 	INFO 	saved data to OLT_5GCA_2.00_1_20260508.psydat
593.2010 	INFO 	saved data to 'OLT_5GCA_2.00_1_20260508.csv'
