2.0293 	WARNING 	We strongly recommend you activate the PTB sound engine in PsychoPy prefs as the preferred audio engine. Its timing is vastly superior. Your prefs are currently set to use ['sounddevice', 'PTB', 'pyo', 'pygame'] (in that order).
58.6057 	WARNING 	Monitor specification not found. Creating a temporary one...
61.6018 	EXP 	Created unnamed TextStim = TextStim(__class__=<class 'psychopy.visual.text.TextStim'>, alignHoriz=method-wrapper(...), alignText='center', alignVert=method-wrapper(...), anchorHoriz='center', anchorVert='center', antialias=True, autoLog=True, bold=False, color='white', colorSpace='named', contrast=1.0, depth=0, flipHoriz=False, flipVert=False, font='', fontFiles=[], height=0.05, italic=False, languageStyle='LTR', name='unnamed TextStim', opacity=1.0, ori=0.0, pos=array([0., 0.]), rgb=array([255., 255., 255.]), text=str(...), units='norm', win=Window(...), wrapWidth=1)
110.6191 	DATA 	Keypress: space
216.5548 	EXP 	Created unnamed TextStim = TextStim(__class__=<class 'psychopy.visual.text.TextStim'>, alignHoriz=method-wrapper(...), alignText='center', alignVert=method-wrapper(...), anchorHoriz='center', anchorVert='center', antialias=True, autoLog=True, bold=False, color='white', colorSpace='named', contrast=1.0, depth=0, flipHoriz=False, flipVert=False, font='', fontFiles=[], height=0.05, italic=False, languageStyle='LTR', name='unnamed TextStim', opacity=1.0, ori=0.0, pos=array([0., 0.]), rgb=array([255., 255., 255.]), text=str(...), units='norm', win=Window(...), wrapWidth=1)
222.6077 	DATA 	Keypress: space
328.5436 	EXP 	Created unnamed TextStim = TextStim(__class__=<class 'psychopy.visual.text.TextStim'>, alignHoriz=method-wrapper(...), alignText='center', alignVert=method-wrapper(...), anchorHoriz='center', anchorVert='center', antialias=True, autoLog=True, bold=False, color='white', colorSpace='named', contrast=1.0, depth=0, flipHoriz=False, flipVert=False, font='', fontFiles=[], height=0.05, italic=False, languageStyle='LTR', name='unnamed TextStim', opacity=1.0, ori=0.0, pos=array([0., 0.]), rgb=array([255., 255., 255.]), text=str(...), units='norm', win=Window(...), wrapWidth=1)
334.7795 	DATA 	Keypress: space
344.9391 	DATA 	Mouse: Left button down, pos=(334,615)
346.7617 	DATA 	Mouse:  Left button up, pos=(334,615)
356.6393 	DATA 	Mouse: Left button down, pos=(932,489)
358.4632 	DATA 	Mouse:  Left button up, pos=(932,489)
375.6803 	DATA 	Mouse: Left button down, pos=(1013,124)
377.5031 	DATA 	Mouse:  Left button up, pos=(1013,124)
382.7947 	DATA 	Mouse: Left button down, pos=(1306,492)
384.6035 	DATA 	Mouse:  Left button up, pos=(1306,492)
397.5208 	DATA 	Mouse: Left button down, pos=(1120,434)
399.3430 	DATA 	Mouse:  Left button up, pos=(1120,434)
413.3849 	DATA 	Mouse: Left button down, pos=(345,600)
415.2030 	DATA 	Mouse:  Left button up, pos=(345,600)
423.6575 	DATA 	Mouse: Left button down, pos=(541,71)
425.4831 	DATA 	Mouse:  Left button up, pos=(541,71)
433.9552 	DATA 	Mouse: Left button down, pos=(678,124)
435.7655 	DATA 	Mouse:  Left button up, pos=(678,124)
442.4857 	DATA 	Mouse: Left button down, pos=(688,442)
444.3065 	DATA 	Mouse:  Left button up, pos=(688,442)
452.0337 	DATA 	Mouse: Left button down, pos=(352,62)
453.8471 	DATA 	Mouse:  Left button up, pos=(352,62)
461.9948 	DATA 	Mouse: Left button down, pos=(332,397)
463.8087 	DATA 	Mouse:  Left button up, pos=(332,397)
463.8099 	DATA 	Keypress: lctrl
463.8105 	DATA 	Keypress: lwindows
473.3363 	DATA 	Mouse: Left button down, pos=(517,69)
475.1491 	DATA 	Mouse:  Left button up, pos=(517,69)
480.0992 	DATA 	Mouse: Left button down, pos=(767,625)
481.9080 	DATA 	Mouse:  Left button up, pos=(767,625)
491.3062 	DATA 	Mouse: Left button down, pos=(543,458)
493.1286 	DATA 	Mouse:  Left button up, pos=(543,458)
498.5709 	DATA 	Mouse: Left button down, pos=(1295,48)
500.3889 	DATA 	Mouse:  Left button up, pos=(1295,48)
500.6745 	EXP 	Created unnamed TextStim = TextStim(__class__=<class 'psychopy.visual.text.TextStim'>, alignHoriz=method-wrapper(...), alignText='center', alignVert=method-wrapper(...), anchorHoriz='center', anchorVert='center', antialias=True, autoLog=True, bold=False, color='white', colorSpace='named', contrast=1.0, depth=0, flipHoriz=False, flipVert=False, font='', fontFiles=[], height=0.05, italic=False, languageStyle='LTR', name='unnamed TextStim', opacity=1.0, ori=0.0, pos=array([0., 0.]), rgb=array([255., 255., 255.]), text=str(...), units='norm', win=Window(...), wrapWidth=1)
509.5287 	DATA 	Keypress: space
512.5585 	DATA 	Mouse: Left button down, pos=(1290,661)
514.3698 	DATA 	Mouse:  Left button up, pos=(1290,661)
519.9764 	DATA 	Mouse: Left button down, pos=(726,64)
521.7898 	DATA 	Mouse:  Left button up, pos=(726,64)
535.5743 	DATA 	Mouse: Left button down, pos=(885,399)
537.3900 	DATA 	Mouse:  Left button up, pos=(885,399)
542.9814 	DATA 	Mouse: Left button down, pos=(365,75)
544.7902 	DATA 	Mouse:  Left button up, pos=(365,75)
549.7733 	DATA 	Keypress: lwindows
549.7754 	DATA 	Keypress: z
550.2569 	DATA 	Keypress: lwindows
550.2587 	DATA 	Keypress: z
551.8529 	DATA 	Mouse: Left button down, pos=(877,273)
553.6705 	DATA 	Mouse:  Left button up, pos=(877,273)
563.6535 	DATA 	Mouse: Left button down, pos=(578,382)
565.4707 	DATA 	Mouse:  Left button up, pos=(578,382)
572.5000 	DATA 	Mouse: Left button down, pos=(532,583)
574.3107 	DATA 	Mouse:  Left button up, pos=(532,583)
582.2660 	DATA 	Mouse: Left button down, pos=(863,444)
584.0926 	DATA 	Mouse:  Left button up, pos=(863,444)
592.4567 	DATA 	Mouse: Left button down, pos=(1076,426)
594.2731 	DATA 	Mouse:  Left button up, pos=(1076,426)
600.6027 	DATA 	Mouse: Left button down, pos=(1253,468)
602.4126 	DATA 	Mouse:  Left button up, pos=(1253,468)
607.5999 	DATA 	Mouse: Left button down, pos=(707,635)
609.4123 	DATA 	Mouse:  Left button up, pos=(707,635)
614.2174 	DATA 	Mouse: Left button down, pos=(768,413)
616.0335 	DATA 	Mouse:  Left button up, pos=(768,413)
622.4605 	DATA 	Mouse: Left button down, pos=(1212,392)
624.2725 	DATA 	Mouse:  Left button up, pos=(1212,392)
631.1621 	DATA 	Mouse: Left button down, pos=(575,112)
632.9734 	DATA 	Mouse:  Left button up, pos=(575,112)
637.8674 	DATA 	Mouse: Left button down, pos=(1224,61)
639.6740 	DATA 	Mouse:  Left button up, pos=(1224,61)
639.9119 	EXP 	Created unnamed TextStim = TextStim(__class__=<class 'psychopy.visual.text.TextStim'>, alignHoriz=method-wrapper(...), alignText='center', alignVert=method-wrapper(...), anchorHoriz='center', anchorVert='center', antialias=True, autoLog=True, bold=False, color='white', colorSpace='named', contrast=1.0, depth=0, flipHoriz=False, flipVert=False, font='', fontFiles=[], height=0.05, italic=False, languageStyle='LTR', name='unnamed TextStim', opacity=1.0, ori=0.0, pos=array([0., 0.]), rgb=array([255., 255., 255.]), text=str(...), units='norm', win=Window(...), wrapWidth=1)
642.1461 	DATA 	Keypress: space
645.8863 	DATA 	Mouse: Left button down, pos=(1224,494)
647.6939 	DATA 	Mouse:  Left button up, pos=(1224,494)
654.9085 	DATA 	Mouse: Left button down, pos=(912,457)
656.7350 	DATA 	Mouse:  Left button up, pos=(912,457)
661.3714 	DATA 	Mouse: Left button down, pos=(765,624)
663.1948 	DATA 	Mouse:  Left button up, pos=(765,624)
669.9779 	DATA 	Mouse: Left button down, pos=(539,267)
671.7943 	DATA 	Mouse:  Left button up, pos=(539,267)
677.6477 	DATA 	Mouse: Left button down, pos=(918,417)
679.4548 	DATA 	Mouse:  Left button up, pos=(918,417)
686.6144 	DATA 	Mouse: Left button down, pos=(1085,465)
688.4353 	DATA 	Mouse:  Left button up, pos=(1085,465)
696.2117 	DATA 	Mouse: Left button down, pos=(560,350)
698.0357 	DATA 	Mouse:  Left button up, pos=(560,350)
703.7015 	DATA 	Mouse: Left button down, pos=(1220,484)
705.5174 	DATA 	Mouse:  Left button up, pos=(1220,484)
713.7814 	DATA 	Mouse: Left button down, pos=(916,252)
715.5981 	DATA 	Mouse:  Left button up, pos=(916,252)
715.5989 	DATA 	Mouse: Left button down, pos=(909,22)
715.5994 	DATA 	Mouse:  Left button up, pos=(909,22)
723.8996 	DATA 	Mouse: Left button down, pos=(1091,147)
725.7185 	DATA 	Mouse:  Left button up, pos=(1091,147)
735.6116 	DATA 	Mouse: Left button down, pos=(715,431)
737.4188 	DATA 	Mouse:  Left button up, pos=(715,431)
742.7513 	DATA 	Mouse: Left button down, pos=(1175,158)
744.5610 	DATA 	Mouse:  Left button up, pos=(1175,158)
751.6098 	DATA 	Mouse: Left button down, pos=(735,294)
753.4219 	DATA 	Mouse:  Left button up, pos=(735,294)
759.0749 	DATA 	Mouse: Left button down, pos=(280,112)
760.9007 	DATA 	Mouse:  Left button up, pos=(280,112)
766.9059 	DATA 	Mouse: Left button down, pos=(673,402)
768.7225 	DATA 	Mouse:  Left button up, pos=(673,402)
768.9582 	EXP 	Created unnamed TextStim = TextStim(__class__=<class 'psychopy.visual.text.TextStim'>, alignHoriz=method-wrapper(...), alignText='center', alignVert=method-wrapper(...), anchorHoriz='center', anchorVert='center', antialias=True, autoLog=True, bold=False, color='white', colorSpace='named', contrast=1.0, depth=0, flipHoriz=False, flipVert=False, font='', fontFiles=[], height=0.05, italic=False, languageStyle='LTR', name='unnamed TextStim', opacity=1.0, ori=0.0, pos=array([0., 0.]), rgb=array([255., 255., 255.]), text=str(...), units='norm', win=Window(...), wrapWidth=1)
771.5274 	DATA 	Mouse: Right button down, pos=(999,841)
771.6096 	DATA 	Mouse:  Right button up, pos=(999,841)
772.7839 	DATA 	Keypress: space
783.2425 	DATA 	Mouse: Left button down, pos=(987,290)
785.0635 	DATA 	Mouse:  Left button up, pos=(987,290)
790.0208 	DATA 	Mouse: Left button down, pos=(700,450)
791.8436 	DATA 	Mouse:  Left button up, pos=(700,450)
798.2268 	DATA 	Mouse: Left button down, pos=(1195,442)
800.0444 	DATA 	Mouse:  Left button up, pos=(1195,442)
804.8350 	DATA 	Mouse: Left button down, pos=(674,671)
806.6451 	DATA 	Mouse:  Left button up, pos=(674,671)
806.6463 	DATA 	Mouse: Left button down, pos=(895,127)
806.7354 	DATA 	Mouse:  Left button up, pos=(900,204)
812.1233 	DATA 	Mouse: Left button down, pos=(1203,637)
813.9452 	DATA 	Mouse:  Left button up, pos=(1203,637)
824.0795 	DATA 	Mouse: Left button down, pos=(1037,237)
825.9066 	DATA 	Mouse:  Left button up, pos=(1037,237)
834.3098 	DATA 	Mouse: Left button down, pos=(657,19)
836.1253 	DATA 	Mouse:  Left button up, pos=(657,19)
841.5717 	DATA 	Mouse: Left button down, pos=(584,215)
843.3864 	DATA 	Mouse:  Left button up, pos=(584,215)
848.4941 	DATA 	Mouse: Left button down, pos=(1266,490)
850.3071 	DATA 	Mouse:  Left button up, pos=(1266,490)
856.3139 	DATA 	Mouse: Left button down, pos=(346,614)
858.1274 	DATA 	Mouse:  Left button up, pos=(346,614)
863.8541 	DATA 	Mouse: Left button down, pos=(897,438)
865.6678 	DATA 	Mouse:  Left button up, pos=(897,438)
871.3222 	DATA 	Mouse: Left button down, pos=(555,252)
873.1480 	DATA 	Mouse:  Left button up, pos=(555,252)
878.2330 	DATA 	Mouse: Left button down, pos=(1200,84)
880.0482 	DATA 	Mouse:  Left button up, pos=(1200,84)
885.0349 	DATA 	Mouse: Left button down, pos=(301,81)
886.8481 	DATA 	Mouse:  Left button up, pos=(301,81)
891.7178 	DATA 	Mouse: Left button down, pos=(1068,463)
893.5295 	DATA 	Mouse:  Left button up, pos=(1068,463)
893.7692 	EXP 	Created unnamed TextStim = TextStim(__class__=<class 'psychopy.visual.text.TextStim'>, alignHoriz=method-wrapper(...), alignText='center', alignVert=method-wrapper(...), anchorHoriz='center', anchorVert='center', antialias=True, autoLog=True, bold=False, color='white', colorSpace='named', contrast=1.0, depth=0, flipHoriz=False, flipVert=False, font='', fontFiles=[], height=0.05, italic=False, languageStyle='LTR', name='unnamed TextStim', opacity=1.0, ori=0.0, pos=array([0., 0.]), rgb=array([255., 255., 255.]), text=str(...), units='norm', win=Window(...), wrapWidth=1)
899.4145 	DATA 	Keypress: space
899.4369 	EXP 	window1: mouseVisible = True
899.4447 	DEBUG 	Saving data for thisOutputFile ExperimentHandler
899.4490 	INFO 	saved data to OLT_BME306_6.00_1_20260512.psydat
899.5038 	INFO 	saved data to 'OLT_BME306_6.00_1_20260512.csv'
